<?xml version="1.0" encoding="UTF-8"?>
<!-- Generated by org.testng.reporters.JUnitReportReporter -->
<testsuite hostname="DESKTOP-RVEU83B" failures="0" tests="4" name="api.test.UserTests" time="3.638" errors="0" timestamp="2022-11-06T16:56:31 PST" skipped="0">
  <testcase classname="api.test.UserTests" name="testPostUser" time="1.651"/>
  <system-out/>
  <testcase classname="api.test.UserTests" name="testGetUserByName" time="0.459"/>
  <system-out/>
  <testcase classname="api.test.UserTests" name="updateUserByName" time="0.902"/>
  <system-out/>
  <testcase classname="api.test.UserTests" name="testDeleteUserByName" time="0.626"/>
  <system-out/>
</testsuite> <!-- api.test.UserTests -->
